c:\Users\Alex\documents\visual studio 2010\Projects\Comp467Project\Debug\cl.command.1.tlog
c:\Users\Alex\documents\visual studio 2010\Projects\Comp467Project\Debug\CL.read.1.tlog
c:\Users\Alex\documents\visual studio 2010\Projects\Comp467Project\Debug\CL.write.1.tlog
C:\USERS\ALEX\DOCUMENTS\VISUAL STUDIO 2010\PROJECTS\COMP467PROJECT\DEBUG\COMP467PROJECT.EXE
C:\USERS\ALEX\DOCUMENTS\VISUAL STUDIO 2010\PROJECTS\COMP467PROJECT\DEBUG\COMP467PROJECT.EXE.EMBED.MANIFEST
C:\USERS\ALEX\DOCUMENTS\VISUAL STUDIO 2010\PROJECTS\COMP467PROJECT\DEBUG\COMP467PROJECT.EXE.EMBED.MANIFEST.RES
C:\USERS\ALEX\DOCUMENTS\VISUAL STUDIO 2010\PROJECTS\COMP467PROJECT\DEBUG\COMP467PROJECT.EXE.INTERMEDIATE.MANIFEST
C:\USERS\ALEX\DOCUMENTS\VISUAL STUDIO 2010\PROJECTS\COMP467PROJECT\DEBUG\COMP467PROJECT.ILK
C:\USERS\ALEX\DOCUMENTS\VISUAL STUDIO 2010\PROJECTS\COMP467PROJECT\DEBUG\COMP467PROJECT.PDB
c:\Users\Alex\documents\visual studio 2010\Projects\Comp467Project\Debug\Comp467Project.vcxprojResolveAssemblyReference.cache
c:\Users\Alex\documents\visual studio 2010\Projects\Comp467Project\Debug\Comp467Project.write.1.tlog
c:\Users\Alex\documents\visual studio 2010\Projects\Comp467Project\Debug\Comp467Project_manifest.rc
c:\Users\Alex\documents\visual studio 2010\Projects\Comp467Project\Debug\link.1724.read.1.tlog
c:\Users\Alex\documents\visual studio 2010\Projects\Comp467Project\Debug\link.1724.write.1.tlog
c:\Users\Alex\documents\visual studio 2010\Projects\Comp467Project\Debug\link.1724-cvtres.read.1.tlog
c:\Users\Alex\documents\visual studio 2010\Projects\Comp467Project\Debug\link.1724-cvtres.write.1.tlog
c:\Users\Alex\documents\visual studio 2010\Projects\Comp467Project\Debug\link.command.1.tlog
c:\Users\Alex\documents\visual studio 2010\Projects\Comp467Project\Debug\link.read.1.tlog
c:\Users\Alex\documents\visual studio 2010\Projects\Comp467Project\Debug\link.write.1.tlog
c:\Users\Alex\documents\visual studio 2010\Projects\Comp467Project\Debug\link-cvtres.read.1.tlog
c:\Users\Alex\documents\visual studio 2010\Projects\Comp467Project\Debug\link-cvtres.write.1.tlog
C:\USERS\ALEX\DOCUMENTS\VISUAL STUDIO 2010\PROJECTS\COMP467PROJECT\DEBUG\MAIN.OBJ
c:\Users\Alex\documents\visual studio 2010\Projects\Comp467Project\Debug\mt.command.1.tlog
c:\Users\Alex\documents\visual studio 2010\Projects\Comp467Project\Debug\mt.read.1.tlog
c:\Users\Alex\documents\visual studio 2010\Projects\Comp467Project\Debug\mt.write.1.tlog
c:\Users\Alex\documents\visual studio 2010\Projects\Comp467Project\Debug\rc.command.1.tlog
c:\Users\Alex\documents\visual studio 2010\Projects\Comp467Project\Debug\rc.read.1.tlog
c:\Users\Alex\documents\visual studio 2010\Projects\Comp467Project\Debug\rc.write.1.tlog
c:\Users\Alex\documents\visual studio 2010\Projects\Comp467Project\Debug\vc100.idb
C:\USERS\ALEX\DOCUMENTS\VISUAL STUDIO 2010\PROJECTS\COMP467PROJECT\DEBUG\VC100.PDB
