Build started 10/26/2013 2:43:08 PM.
     1>Project "C:\Users\Alex\Documents\Visual Studio 2010\Projects\Comp467Project\Comp467Project.vcxproj" on node 2 (build target(s)).
     1>InitializeBuildStatus:
         Creating "Debug\Comp467Project.unsuccessfulbuild" because "AlwaysCreate" was specified.
       ClCompile:
         c:\Program Files (x86)\Microsoft Visual Studio 10.0\VC\bin\CL.exe /c /ZI /nologo /W3 /WX- /Od /Oy- /D WIN32 /D _DEBUG /D _WINDOWS /D _UNICODE /D UNICODE /Gm /EHsc /RTC1 /MDd /GS /fp:precise /Zc:wchar_t /Zc:forScope /Fo"Debug\\" /Fd"Debug\vc100.pdb" /Gd /TP /analyze- /errorReport:prompt main.cpp
         main.cpp
       ManifestResourceCompile:
         All outputs are up-to-date.
       Link:
         c:\Program Files (x86)\Microsoft Visual Studio 10.0\VC\bin\link.exe /ERRORREPORT:PROMPT /OUT:"C:\Users\Alex\Documents\Visual Studio 2010\Projects\Comp467Project\Debug\Comp467Project.exe" /INCREMENTAL /NOLOGO opencv_core246d.lib opencv_imgproc246d.lib opencv_highgui246d.lib opencv_ml246d.lib opencv_video246d.lib opencv_features2d246d.lib opencv_calib3d246d.lib opencv_objdetect246d.lib opencv_contrib246d.lib opencv_legacy246d.lib opencv_flann246d.lib kernel32.lib user32.lib gdi32.lib winspool.lib comdlg32.lib advapi32.lib shell32.lib ole32.lib oleaut32.lib uuid.lib odbc32.lib odbccp32.lib /MANIFEST /ManifestFile:"Debug\Comp467Project.exe.intermediate.manifest" /MANIFESTUAC:"level='asInvoker' uiAccess='false'" /DEBUG /PDB:"C:\Users\Alex\Documents\Visual Studio 2010\Projects\Comp467Project\Debug\Comp467Project.pdb" /SUBSYSTEM:WINDOWS /TLBID:1 /DYNAMICBASE /NXCOMPAT /IMPLIB:"C:\Users\Alex\Documents\Visual Studio 2010\Projects\Comp467Project\Debug\Comp467Project.lib" /MACHINE:X86 Debug\Comp467Project.exe.embed.manifest.res
         Debug\main.obj
       Manifest:
         C:\Program Files (x86)\Microsoft SDKs\Windows\v7.0A\bin\mt.exe /nologo /verbose /out:"Debug\Comp467Project.exe.embed.manifest" /manifest Debug\Comp467Project.exe.intermediate.manifest
         All outputs are up-to-date.
       LinkEmbedManifest:
         All outputs are up-to-date.
         Comp467Project.vcxproj -> C:\Users\Alex\Documents\Visual Studio 2010\Projects\Comp467Project\Debug\Comp467Project.exe
       FinalizeBuildStatus:
         Deleting file "Debug\Comp467Project.unsuccessfulbuild".
         Touching "Debug\Comp467Project.lastbuildstate".
     1>Done Building Project "C:\Users\Alex\Documents\Visual Studio 2010\Projects\Comp467Project\Comp467Project.vcxproj" (build target(s)).

Build succeeded.

Time Elapsed 00:00:01.40
