Build started 10/25/2013 7:55:53 PM.
     1>Project "c:\Users\Alex\documents\visual studio 2010\Projects\Comp467Project\Comp467Project.vcxproj" on node 2 (build target(s)).
     1>InitializeBuildStatus:
         Creating "Release\Comp467Project.unsuccessfulbuild" because "AlwaysCreate" was specified.
       ClCompile:
         c:\Program Files (x86)\Microsoft Visual Studio 10.0\VC\bin\CL.exe /c /Zi /nologo /W3 /WX- /O2 /Oi /Oy- /GL /D WIN32 /D NDEBUG /D _CONSOLE /D _UNICODE /D UNICODE /Gm- /EHsc /MD /GS /Gy /fp:precise /Zc:wchar_t /Zc:forScope /Fo"Release\\" /Fd"Release\vc100.pdb" /Gd /TP /analyze- /errorReport:prompt main.cpp
         main.cpp
       Link:
         c:\Program Files (x86)\Microsoft Visual Studio 10.0\VC\bin\link.exe /ERRORREPORT:PROMPT /OUT:"c:\users\alex\documents\visual studio 2010\Projects\Comp467Project\Release\Comp467Project.exe" /INCREMENTAL:NO /NOLOGO opencv_core246.lib opencv_imgproc246.lib opencv_highgui246.lib opencv_ml246.lib opencv_video246.lib opencv_features2d246.lib opencv_calib3d246.lib opencv_objdetect246.lib opencv_contrib246.lib opencv_legacy246.lib opencv_flann246.lib kernel32.lib user32.lib gdi32.lib winspool.lib comdlg32.lib advapi32.lib shell32.lib ole32.lib oleaut32.lib uuid.lib odbc32.lib odbccp32.lib /MANIFEST /ManifestFile:"Release\Comp467Project.exe.intermediate.manifest" /MANIFESTUAC:"level='asInvoker' uiAccess='false'" /DEBUG /PDB:"c:\users\alex\documents\visual studio 2010\Projects\Comp467Project\Release\Comp467Project.pdb" /SUBSYSTEM:CONSOLE /OPT:REF /OPT:ICF /LTCG /TLBID:1 /DYNAMICBASE /NXCOMPAT /IMPLIB:"c:\users\alex\documents\visual studio 2010\Projects\Comp467Project\Release\Comp467Project.lib" /MACHINE:X86 Release\main.obj
         Generating code
         Finished generating code
         Comp467Project.vcxproj -> c:\users\alex\documents\visual studio 2010\Projects\Comp467Project\Release\Comp467Project.exe
       Manifest:
         C:\Program Files (x86)\Microsoft SDKs\Windows\v7.0A\bin\mt.exe /nologo /verbose /outputresource:"c:\users\alex\documents\visual studio 2010\Projects\Comp467Project\Release\Comp467Project.exe;#1" /manifest Release\Comp467Project.exe.intermediate.manifest
       FinalizeBuildStatus:
         Deleting file "Release\Comp467Project.unsuccessfulbuild".
         Touching "Release\Comp467Project.lastbuildstate".
     1>Done Building Project "c:\Users\Alex\documents\visual studio 2010\Projects\Comp467Project\Comp467Project.vcxproj" (build target(s)).

Build succeeded.

Time Elapsed 00:00:01.68
